0 info it worked if it ends with ok
1 verbose cli [ 'C:\\Program Files\\nodejs\\node.exe',
1 verbose cli   'C:\\Program Files\\nodejs\\node_modules\\npm\\bin\\npm-cli.js',
1 verbose cli   'start' ]
2 info using npm@3.10.10
3 info using node@v6.10.2
4 verbose run-script [ 'prestart', 'start', 'poststart' ]
5 info lifecycle visualDemo@1.0.0~prestart: visualDemo@1.0.0
6 silly lifecycle visualDemo@1.0.0~prestart: no script for prestart, continuing
7 info lifecycle visualDemo@1.0.0~start: visualDemo@1.0.0
8 verbose lifecycle visualDemo@1.0.0~start: unsafe-perm in lifecycle true
9 verbose lifecycle visualDemo@1.0.0~start: PATH: C:\Program Files\nodejs\node_modules\npm\bin\node-gyp-bin;F:\project\七组\中医馆\project\unite\DR_WEB_FRONT\node_modules\.bin;C:\Program Files (x86)\Common Files\Oracle\Java\javapath;C:\WINDOWS\system32;C:\WINDOWS;C:\WINDOWS\System32\Wbem;C:\WINDOWS\System32\WindowsPowerShell\v1.0\;C:\Program Files\nodejs\;C:\java\jdk\bin;C:\Program Files\TortoiseSVN\bin;C:\Program Files (x86)\Git\cmd;E:\DevTools\apache-maven-3.5.2-bin\bin;C:\java\jdk;C:\Users\jiangzhongxi-pc\AppData\Roaming\npm;C:\Users\jiangzhongxi-pc\AppData\Local\atom\bin
10 verbose lifecycle visualDemo@1.0.0~start: CWD: F:\project\七组\中医馆\project\unite\DR_WEB_FRONT
11 silly lifecycle visualDemo@1.0.0~start: Args: [ '/d /s /c',
11 silly lifecycle   'webpack-dev-server --open  --config webpack.dev.js' ]
12 silly lifecycle visualDemo@1.0.0~start: Returned: code: 3221225786  signal: null
13 info lifecycle visualDemo@1.0.0~start: Failed to exec start script
14 verbose stack Error: visualDemo@1.0.0 start: `webpack-dev-server --open  --config webpack.dev.js`
14 verbose stack Exit status 3221225786
14 verbose stack     at EventEmitter.<anonymous> (C:\Program Files\nodejs\node_modules\npm\lib\utils\lifecycle.js:255:16)
14 verbose stack     at emitTwo (events.js:106:13)
14 verbose stack     at EventEmitter.emit (events.js:191:7)
14 verbose stack     at ChildProcess.<anonymous> (C:\Program Files\nodejs\node_modules\npm\lib\utils\spawn.js:40:14)
14 verbose stack     at emitTwo (events.js:106:13)
14 verbose stack     at ChildProcess.emit (events.js:191:7)
14 verbose stack     at maybeClose (internal/child_process.js:886:16)
14 verbose stack     at Process.ChildProcess._handle.onexit (internal/child_process.js:226:5)
15 verbose pkgid visualDemo@1.0.0
16 verbose cwd F:\project\七组\中医馆\project\unite\DR_WEB_FRONT
17 error Windows_NT 6.3.9600
18 error argv "C:\\Program Files\\nodejs\\node.exe" "C:\\Program Files\\nodejs\\node_modules\\npm\\bin\\npm-cli.js" "start"
19 error node v6.10.2
20 error npm  v3.10.10
21 error code ELIFECYCLE
22 error visualDemo@1.0.0 start: `webpack-dev-server --open  --config webpack.dev.js`
22 error Exit status 3221225786
23 error Failed at the visualDemo@1.0.0 start script 'webpack-dev-server --open  --config webpack.dev.js'.
23 error Make sure you have the latest version of node.js and npm installed.
23 error If you do, this is most likely a problem with the visualDemo package,
23 error not with npm itself.
23 error Tell the author that this fails on your system:
23 error     webpack-dev-server --open  --config webpack.dev.js
23 error You can get information on how to open an issue for this project with:
23 error     npm bugs visualDemo
23 error Or if that isn't available, you can get their info via:
23 error     npm owner ls visualDemo
23 error There is likely additional logging output above.
24 verbose exit [ 1, true ]
